Information: Propagating switching activity (high effort zero delay simulation). (PWR-6)
Warning: Design has unannotated primary inputs. (PWR-414)
 
****************************************
Report : power
        -analysis_effort high
Design : SQUID_DECODER
Version: Q-2019.12-SP5-5
Date   : Sun Sep 25 17:27:52 2022
****************************************


Library(s) Used:

    um28nchslogl35udl140f_ssgwc0p81v0c (File: /media/0/LogicLibraries/UMC/28nm/35uhd/udl/svt/latest/liberty/logic_synth/um28nchslogl35udl140f_ssgwc0p81v0c.db)


Operating Conditions: SSGWC0P81V0C   Library: um28nchslogl35udl140f_ssgwc0p81v0c
Wire Load Model Mode: enclosed

Design        Wire Load Model            Library
------------------------------------------------
SQUID_DECODER          ZeroWLM           um28nchslogl35udl140f_ssgwc0p81v0c


Global Operating Voltage = 0.81 
Power-specific unit information :
    Voltage Units = 1V
    Capacitance Units = 1.000000pf
    Time Units = 1ns
    Dynamic Power Units = 1mW    (derived from V,C,T units)
    Leakage Power Units = 1nW


  Cell Internal Power  = 935.4119 uW   (55%)
  Net Switching Power  = 767.3685 uW   (45%)
                         ---------
Total Dynamic Power    =   1.7028 mW  (100%)

Cell Leakage Power     = 132.6617 nW

Information: report_power power group summary does not include estimated clock tree power. (PWR-789)

                 Internal         Switching           Leakage            Total
Power Group      Power            Power               Power              Power   (   %    )  Attrs
--------------------------------------------------------------------------------------------------
io_pad             0.0000            0.0000            0.0000            0.0000  (   0.00%)
memory             0.0000            0.0000            0.0000            0.0000  (   0.00%)
black_box          0.0000            0.0000            0.0000            0.0000  (   0.00%)
clock_network      0.0000            0.0000            0.0000            0.0000  (   0.00%)
register           0.0000            0.0000            0.0000            0.0000  (   0.00%)
sequential         0.0000            0.0000            0.0000            0.0000  (   0.00%)
combinational      0.9354            0.7674          132.6617            1.7029  ( 100.00%)
--------------------------------------------------------------------------------------------------
Total              0.9354 mW         0.7674 mW       132.6617 nW         1.7029 mW
1
